[2022-10-24 17:33:01,443] exp4_main.py->main line:120 [INFO]Namespace(aug_model='SEP', data='./local_data', dataset='med', epochs=50, gpu='0', hyper_alpha=0.01, hyper_beta=0, hyper_est=True, hyper_gamma=0, hyper_iters=5, hyper_opt='HES', hyper_steps=0, imbalance_ratio=1, log_interval=500, los_model='NONE', lr_cosine=True, lr_decay_epochs='30,55,80', lr_decay_rate=0.1, lr_warm=True, lr_warm_epochs=5, no_cuda=False, noise_ratio=0.0, overfit=False, oversplit=False, plot_debug=False, run_folder='exp4_1to10', scale=1, subsample_ratio=1.0, workers=4)
[2022-10-24 17:33:10,663] exp4_main.py->main line:182 [INFO]Valid/Train Split: 260/56
[2022-10-24 17:33:10,670] exp4_main.py->main line:235 [INFO]Test/Valid/Train Split: 43/56/260 out of total 288 train images
[2022-10-24 17:33:10,692] exp4_main.py->main line:268 [INFO]Run: ./local_data/med/exp4_1to10/UNet_e50_opt_HES_est_True_aug_model_SEP_los_model_NONE_ir_1_sr_1.0_nr_0.0
[2022-10-24 17:33:10,693] exp4_main.py->main line:277 [INFO]0% (0/50)
[2022-10-24 17:33:12,559] automodels.py->Med_innerTrain line:1028 [INFO]Train epoch: 0, batch_idx: 0, global_img_step: 0
[2022-10-24 17:33:41,143] automodels.py->Med_innerTrain line:1043 [INFO]Epoch: 0	 Inner Train loss: 0.8687, acc=0.6380, lr=0.000003	
[2022-10-24 17:33:43,116] automodels.py->Med_innerTest line:1211 [INFO]Epoch: 0	 Test loss: 1.0921, score: 0.5987
[2022-10-24 17:33:43,118] exp4_main.py->main line:299 [INFO]SAVING trained model at epoch 0 with 0.5987 Dice score
[2022-10-24 17:33:54,106] exp4_main.py->main line:318 [INFO]save train history at: /mnt/Nami/rayeh/Med_AutoDO/picture/exp4_1to10_UNet_e50_opt_HES_est_True_aug_model_SEP_los_model_NONE_ir_1_sr_1.0_nr_0.0.jpg
[2022-10-24 17:33:54,107] exp4_main.py->main line:277 [INFO]2% (1/50)
[2022-10-24 17:33:55,168] automodels.py->Med_innerTrain line:1028 [INFO]Train epoch: 1, batch_idx: 0, global_img_step: 1
[2022-10-24 17:34:23,818] automodels.py->Med_innerTrain line:1043 [INFO]Epoch: 1	 Inner Train loss: 0.6723, acc=0.7300, lr=0.000004	
[2022-10-24 17:34:25,765] automodels.py->Med_innerTest line:1211 [INFO]Epoch: 1	 Test loss: 0.7478, score: 0.6902
[2022-10-24 17:34:25,768] exp4_main.py->main line:299 [INFO]SAVING trained model at epoch 1 with 0.6902 Dice score
[2022-10-24 17:34:36,700] exp4_main.py->main line:318 [INFO]save train history at: /mnt/Nami/rayeh/Med_AutoDO/picture/exp4_1to10_UNet_e50_opt_HES_est_True_aug_model_SEP_los_model_NONE_ir_1_sr_1.0_nr_0.0.jpg
[2022-10-24 17:34:36,700] exp4_main.py->main line:277 [INFO]4% (2/50)
[2022-10-24 17:34:38,038] automodels.py->Med_innerTrain line:1028 [INFO]Train epoch: 2, batch_idx: 0, global_img_step: 2
[2022-10-24 17:35:06,716] automodels.py->Med_innerTrain line:1043 [INFO]Epoch: 2	 Inner Train loss: 0.5982, acc=0.7685, lr=0.000006	
[2022-10-24 17:35:08,679] automodels.py->Med_innerTest line:1211 [INFO]Epoch: 2	 Test loss: 2.0572, score: 0.4256
[2022-10-24 17:35:08,990] exp4_main.py->main line:318 [INFO]save train history at: /mnt/Nami/rayeh/Med_AutoDO/picture/exp4_1to10_UNet_e50_opt_HES_est_True_aug_model_SEP_los_model_NONE_ir_1_sr_1.0_nr_0.0.jpg
[2022-10-24 17:35:08,990] exp4_main.py->main line:277 [INFO]6% (3/50)
[2022-10-24 17:35:10,121] automodels.py->Med_innerTrain line:1028 [INFO]Train epoch: 3, batch_idx: 0, global_img_step: 3
[2022-10-24 17:35:38,897] automodels.py->Med_innerTrain line:1043 [INFO]Epoch: 3	 Inner Train loss: 0.6213, acc=0.7638, lr=0.000008	
[2022-10-24 17:35:40,854] automodels.py->Med_innerTest line:1211 [INFO]Epoch: 3	 Test loss: 1.1070, score: 0.6633
[2022-10-24 17:35:42,103] exp4_main.py->main line:318 [INFO]save train history at: /mnt/Nami/rayeh/Med_AutoDO/picture/exp4_1to10_UNet_e50_opt_HES_est_True_aug_model_SEP_los_model_NONE_ir_1_sr_1.0_nr_0.0.jpg
[2022-10-24 17:35:42,104] exp4_main.py->main line:277 [INFO]8% (4/50)
[2022-10-24 17:35:44,558] automodels.py->Med_innerTrain line:1028 [INFO]Train epoch: 4, batch_idx: 0, global_img_step: 4
[2022-10-24 17:36:13,314] automodels.py->Med_innerTrain line:1043 [INFO]Epoch: 4	 Inner Train loss: 0.5352, acc=0.7900, lr=0.000010	
[2022-10-24 17:36:15,272] automodels.py->Med_innerTest line:1211 [INFO]Epoch: 4	 Test loss: 1.1689, score: 0.6658
[2022-10-24 17:36:15,612] exp4_main.py->main line:318 [INFO]save train history at: /mnt/Nami/rayeh/Med_AutoDO/picture/exp4_1to10_UNet_e50_opt_HES_est_True_aug_model_SEP_los_model_NONE_ir_1_sr_1.0_nr_0.0.jpg
[2022-10-24 17:36:15,613] exp4_main.py->main line:277 [INFO]10% (5/50)
[2022-10-24 17:36:16,720] automodels.py->Med_innerTrain line:1028 [INFO]Train epoch: 5, batch_idx: 0, global_img_step: 5
[2022-10-24 17:36:45,493] automodels.py->Med_innerTrain line:1043 [INFO]Epoch: 5	 Inner Train loss: 0.5251, acc=0.8028, lr=0.000010	
[2022-10-24 17:36:47,536] automodels.py->Med_innerTest line:1211 [INFO]Epoch: 5	 Test loss: 0.7558, score: 0.6492
[2022-10-24 17:36:48,826] exp4_main.py->main line:318 [INFO]save train history at: /mnt/Nami/rayeh/Med_AutoDO/picture/exp4_1to10_UNet_e50_opt_HES_est_True_aug_model_SEP_los_model_NONE_ir_1_sr_1.0_nr_0.0.jpg
[2022-10-24 17:36:48,827] exp4_main.py->main line:277 [INFO]12% (6/50)
[2022-10-24 17:36:50,168] automodels.py->Med_innerTrain line:1028 [INFO]Train epoch: 6, batch_idx: 0, global_img_step: 6
[2022-10-24 17:37:18,970] automodels.py->Med_innerTrain line:1043 [INFO]Epoch: 6	 Inner Train loss: 0.4729, acc=0.8190, lr=0.000010	
[2022-10-24 17:37:20,965] automodels.py->Med_innerTest line:1211 [INFO]Epoch: 6	 Test loss: 0.7407, score: 0.6828
[2022-10-24 17:37:21,237] exp4_main.py->main line:318 [INFO]save train history at: /mnt/Nami/rayeh/Med_AutoDO/picture/exp4_1to10_UNet_e50_opt_HES_est_True_aug_model_SEP_los_model_NONE_ir_1_sr_1.0_nr_0.0.jpg
[2022-10-24 17:37:21,238] exp4_main.py->main line:277 [INFO]14% (7/50)
[2022-10-24 17:37:22,333] automodels.py->Med_innerTrain line:1028 [INFO]Train epoch: 7, batch_idx: 0, global_img_step: 7
[2022-10-24 17:37:51,135] automodels.py->Med_innerTrain line:1043 [INFO]Epoch: 7	 Inner Train loss: 0.4509, acc=0.8261, lr=0.000010	
[2022-10-24 17:37:53,116] automodels.py->Med_innerTest line:1211 [INFO]Epoch: 7	 Test loss: 1.1489, score: 0.5233
[2022-10-24 17:37:53,386] exp4_main.py->main line:318 [INFO]save train history at: /mnt/Nami/rayeh/Med_AutoDO/picture/exp4_1to10_UNet_e50_opt_HES_est_True_aug_model_SEP_los_model_NONE_ir_1_sr_1.0_nr_0.0.jpg
[2022-10-24 17:37:53,387] exp4_main.py->main line:277 [INFO]16% (8/50)
[2022-10-24 17:37:54,515] automodels.py->Med_innerTrain line:1028 [INFO]Train epoch: 8, batch_idx: 0, global_img_step: 8
[2022-10-24 17:38:23,299] automodels.py->Med_innerTrain line:1043 [INFO]Epoch: 8	 Inner Train loss: 0.4665, acc=0.8249, lr=0.000009	
[2022-10-24 17:38:25,277] automodels.py->Med_innerTest line:1211 [INFO]Epoch: 8	 Test loss: 1.1272, score: 0.5629
[2022-10-24 17:38:25,551] exp4_main.py->main line:318 [INFO]save train history at: /mnt/Nami/rayeh/Med_AutoDO/picture/exp4_1to10_UNet_e50_opt_HES_est_True_aug_model_SEP_los_model_NONE_ir_1_sr_1.0_nr_0.0.jpg
[2022-10-24 17:38:25,552] exp4_main.py->main line:277 [INFO]18% (9/50)
[2022-10-24 17:38:26,632] automodels.py->Med_innerTrain line:1028 [INFO]Train epoch: 9, batch_idx: 0, global_img_step: 9
[2022-10-24 17:38:55,428] automodels.py->Med_innerTrain line:1043 [INFO]Epoch: 9	 Inner Train loss: 0.3890, acc=0.8559, lr=0.000009	
[2022-10-24 17:38:57,496] automodels.py->Med_innerTest line:1211 [INFO]Epoch: 9	 Test loss: 0.6988, score: 0.7046
[2022-10-24 17:38:57,497] exp4_main.py->main line:299 [INFO]SAVING trained model at epoch 9 with 0.7046 Dice score
[2022-10-24 17:39:12,446] exp4_main.py->main line:318 [INFO]save train history at: /mnt/Nami/rayeh/Med_AutoDO/picture/exp4_1to10_UNet_e50_opt_HES_est_True_aug_model_SEP_los_model_NONE_ir_1_sr_1.0_nr_0.0.jpg
[2022-10-24 17:39:12,447] exp4_main.py->main line:277 [INFO]20% (10/50)
[2022-10-24 17:39:13,583] automodels.py->Med_innerTrain line:1028 [INFO]Train epoch: 10, batch_idx: 0, global_img_step: 10
[2022-10-24 17:39:42,306] automodels.py->Med_innerTrain line:1043 [INFO]Epoch: 10	 Inner Train loss: 0.4369, acc=0.8347, lr=0.000009	
[2022-10-24 17:39:44,330] automodels.py->Med_innerTest line:1211 [INFO]Epoch: 10	 Test loss: 1.0052, score: 0.6480
[2022-10-24 17:39:44,581] exp4_main.py->main line:318 [INFO]save train history at: /mnt/Nami/rayeh/Med_AutoDO/picture/exp4_1to10_UNet_e50_opt_HES_est_True_aug_model_SEP_los_model_NONE_ir_1_sr_1.0_nr_0.0.jpg
[2022-10-24 17:39:44,582] exp4_main.py->main line:277 [INFO]22% (11/50)
[2022-10-24 17:39:45,713] automodels.py->Med_innerTrain line:1028 [INFO]Train epoch: 11, batch_idx: 0, global_img_step: 11
[2022-10-24 17:40:14,447] automodels.py->Med_innerTrain line:1043 [INFO]Epoch: 11	 Inner Train loss: 0.4638, acc=0.8284, lr=0.000009	
[2022-10-24 17:40:16,438] automodels.py->Med_innerTest line:1211 [INFO]Epoch: 11	 Test loss: 1.0318, score: 0.5615
[2022-10-24 17:40:17,118] exp4_main.py->main line:318 [INFO]save train history at: /mnt/Nami/rayeh/Med_AutoDO/picture/exp4_1to10_UNet_e50_opt_HES_est_True_aug_model_SEP_los_model_NONE_ir_1_sr_1.0_nr_0.0.jpg
[2022-10-24 17:40:17,119] exp4_main.py->main line:277 [INFO]24% (12/50)
[2022-10-24 17:40:19,203] automodels.py->Med_innerTrain line:1028 [INFO]Train epoch: 12, batch_idx: 0, global_img_step: 12
[2022-10-24 17:40:47,962] automodels.py->Med_innerTrain line:1043 [INFO]Epoch: 12	 Inner Train loss: 0.4089, acc=0.8461, lr=0.000009	
[2022-10-24 17:40:49,989] automodels.py->Med_innerTest line:1211 [INFO]Epoch: 12	 Test loss: 0.6534, score: 0.7274
[2022-10-24 17:40:49,991] exp4_main.py->main line:299 [INFO]SAVING trained model at epoch 12 with 0.7274 Dice score
[2022-10-24 17:41:00,943] exp4_main.py->main line:318 [INFO]save train history at: /mnt/Nami/rayeh/Med_AutoDO/picture/exp4_1to10_UNet_e50_opt_HES_est_True_aug_model_SEP_los_model_NONE_ir_1_sr_1.0_nr_0.0.jpg
[2022-10-24 17:41:00,944] exp4_main.py->main line:277 [INFO]26% (13/50)
[2022-10-24 17:41:02,105] automodels.py->Med_innerTrain line:1028 [INFO]Train epoch: 13, batch_idx: 0, global_img_step: 13
[2022-10-24 17:41:30,860] automodels.py->Med_innerTrain line:1043 [INFO]Epoch: 13	 Inner Train loss: 0.4210, acc=0.8367, lr=0.000008	
[2022-10-24 17:41:32,854] automodels.py->Med_innerTest line:1211 [INFO]Epoch: 13	 Test loss: 1.1723, score: 0.5497
[2022-10-24 17:41:33,121] exp4_main.py->main line:318 [INFO]save train history at: /mnt/Nami/rayeh/Med_AutoDO/picture/exp4_1to10_UNet_e50_opt_HES_est_True_aug_model_SEP_los_model_NONE_ir_1_sr_1.0_nr_0.0.jpg
[2022-10-24 17:41:33,121] exp4_main.py->main line:277 [INFO]28% (14/50)
[2022-10-24 17:41:34,125] automodels.py->Med_innerTrain line:1028 [INFO]Train epoch: 14, batch_idx: 0, global_img_step: 14
[2022-10-24 17:42:02,923] automodels.py->Med_innerTrain line:1043 [INFO]Epoch: 14	 Inner Train loss: 0.3537, acc=0.8630, lr=0.000008	
[2022-10-24 17:42:04,902] automodels.py->Med_innerTest line:1211 [INFO]Epoch: 14	 Test loss: 0.7285, score: 0.7164
[2022-10-24 17:42:05,187] exp4_main.py->main line:318 [INFO]save train history at: /mnt/Nami/rayeh/Med_AutoDO/picture/exp4_1to10_UNet_e50_opt_HES_est_True_aug_model_SEP_los_model_NONE_ir_1_sr_1.0_nr_0.0.jpg
[2022-10-24 17:42:05,188] exp4_main.py->main line:277 [INFO]30% (15/50)
[2022-10-24 17:42:07,277] automodels.py->Med_hyperHesTrain line:923 [INFO]data point 0 weight: paramP_tensor([-2.4849, -2.4849, -2.4849, -2.4849, -2.4849, -2.4849, -2.4849, -2.4849,
        -2.4849, -2.4849, -2.4849, -2.4849, -2.4849, -2.4849, -2.4849])
[2022-10-24 17:42:07,280] automodels.py->Med_hyperHesTrain line:923 [INFO]data point 0 weight: paramM_tensor([0., 0., 0., 0., 0., 0., 0., 0., 0., 0., 0., 0., 0., 0., 0., 0., 0., 0.])
[2022-10-24 17:42:07,636] automodels.py->Med_hyperHesTrain line:948 [INFO]hyperTrain epoch: 15, batch_idx: 0, global_img_step: 15, aug_ops:[('Hsv', tensor([ 0.3525,  0.1419, -0.3909])), ('gaussian blur', tensor([-0.7210]))]
[2022-10-24 17:42:07,637] automodels.py->Med_hyperHesTrain line:954 [INFO]hyperTrain batch 0% (0/130), task_lr=0.000008, hyper_lr=0.005000	gLtNorm 134.5550 (134.5550)	gLvNorm 0.4148 (0.4148)	mvpNorm 137.8799 (137.8799)

[2022-10-24 17:43:27,480] automodels.py->Med_innerTrain line:1026 [INFO]Train epoch: 15, batch_idx: 0, global_img_step: 16, aug_ops:[('Hsv', tensor([-0.1600,  0.3995,  0.3866])), ('elastic transform', tensor([0.3311])), ('ShearX', tensor([0.3210]))]
[2022-10-24 17:44:32,193] automodels.py->Med_innerTrain line:1043 [INFO]Epoch: 15	 Inner Train loss: 1.0190, acc=0.6461, lr=0.000008	
[2022-10-24 17:44:34,226] automodels.py->Med_innerTest line:1211 [INFO]Epoch: 15	 Test loss: 1.5319, score: 0.5505
[2022-10-24 17:44:34,510] exp4_main.py->main line:318 [INFO]save train history at: /mnt/Nami/rayeh/Med_AutoDO/picture/exp4_1to10_UNet_e50_opt_HES_est_True_aug_model_SEP_los_model_NONE_ir_1_sr_1.0_nr_0.0.jpg
[2022-10-24 17:44:34,510] exp4_main.py->main line:277 [INFO]32% (16/50)
[2022-10-24 17:44:35,542] automodels.py->Med_hyperHesTrain line:923 [INFO]data point 0 weight: paramP_tensor([-2.5551, -2.4147, -2.4147, -2.4147, -2.4147, -2.4849, -2.4147, -2.4849,
        -2.4849, -2.4147, -2.5551, -2.4147, -2.5551, -2.4149, -2.5551])
[2022-10-24 17:44:35,546] automodels.py->Med_hyperHesTrain line:923 [INFO]data point 0 weight: paramM_tensor([-0.0702,  0.0000,  0.0000, -0.0702, -0.0702,  0.0702,  0.0000,  0.0000,
         0.0000,  0.0000,  0.0000,  0.0000,  0.0000,  0.0000,  0.0000,  0.0702,
         0.0702,  0.0000])
[2022-10-24 17:44:35,898] automodels.py->Med_hyperHesTrain line:948 [INFO]hyperTrain epoch: 16, batch_idx: 0, global_img_step: 17, aug_ops:[('idenity', [1.0])]
[2022-10-24 17:44:35,898] automodels.py->Med_hyperHesTrain line:954 [INFO]hyperTrain batch 0% (0/130), task_lr=0.000008, hyper_lr=0.013756	gLtNorm 2.6618 (2.6618)	gLvNorm 1.5618 (1.5618)	mvpNorm 3.1921 (3.1921)

[2022-10-24 17:45:55,264] automodels.py->Med_innerTrain line:1026 [INFO]Train epoch: 16, batch_idx: 0, global_img_step: 18, aug_ops:[('Equalize', tensor([-0.1288]))]
[2022-10-24 17:46:59,910] automodels.py->Med_innerTrain line:1043 [INFO]Epoch: 16	 Inner Train loss: 0.8657, acc=0.6681, lr=0.000008	
[2022-10-24 17:47:01,879] automodels.py->Med_innerTest line:1211 [INFO]Epoch: 16	 Test loss: 2.1433, score: 0.5217
[2022-10-24 17:47:02,167] exp4_main.py->main line:318 [INFO]save train history at: /mnt/Nami/rayeh/Med_AutoDO/picture/exp4_1to10_UNet_e50_opt_HES_est_True_aug_model_SEP_los_model_NONE_ir_1_sr_1.0_nr_0.0.jpg
[2022-10-24 17:47:02,168] exp4_main.py->main line:277 [INFO]34% (17/50)
[2022-10-24 17:47:03,150] automodels.py->Med_hyperHesTrain line:923 [INFO]data point 0 weight: paramP_tensor([-2.3900, -2.2495, -2.5799, -2.5792, -2.2495, -2.4849, -2.2503, -2.4849,
        -2.4849, -2.3093, -2.3899, -2.5799, -2.7197, -2.2497, -2.7202])
[2022-10-24 17:47:03,153] automodels.py->Med_hyperHesTrain line:923 [INFO]data point 0 weight: paramM_tensor([-0.2353,  0.0000,  0.0000,  0.0946, -0.2354,  0.0950,  0.0000,  0.0000,
         0.0000,  0.1651,  0.0000,  0.0000,  0.0000,  0.0000,  0.0000,  0.0702,
         0.0702,  0.0000])
[2022-10-24 17:47:03,508] automodels.py->Med_hyperHesTrain line:948 [INFO]hyperTrain epoch: 17, batch_idx: 0, global_img_step: 19, aug_ops:[('gaussian noise', tensor([-0.0319])), ('TranslateY', tensor([0.0429]))]
[2022-10-24 17:47:03,509] automodels.py->Med_hyperHesTrain line:954 [INFO]hyperTrain batch 0% (0/130), task_lr=0.000007, hyper_lr=0.022511	gLtNorm 1.6874 (1.6874)	gLvNorm 0.0665 (0.0665)	mvpNorm 1.6096 (1.6096)

[2022-10-24 17:48:22,690] automodels.py->Med_innerTrain line:1026 [INFO]Train epoch: 17, batch_idx: 0, global_img_step: 20, aug_ops:[('contrast', tensor([0.0906])), ('saturation', tensor([0.1096]))]
[2022-10-24 17:49:27,094] automodels.py->Med_innerTrain line:1043 [INFO]Epoch: 17	 Inner Train loss: 0.8353, acc=0.6869, lr=0.000007	
[2022-10-24 17:49:29,259] automodels.py->Med_innerTest line:1211 [INFO]Epoch: 17	 Test loss: 1.3938, score: 0.5664
[2022-10-24 17:49:30,637] exp4_main.py->main line:318 [INFO]save train history at: /mnt/Nami/rayeh/Med_AutoDO/picture/exp4_1to10_UNet_e50_opt_HES_est_True_aug_model_SEP_los_model_NONE_ir_1_sr_1.0_nr_0.0.jpg
[2022-10-24 17:49:30,639] exp4_main.py->main line:277 [INFO]36% (18/50)
[2022-10-24 17:49:31,824] automodels.py->Med_hyperHesTrain line:923 [INFO]data point 0 weight: paramP_tensor([-2.4375, -2.0176, -2.6524, -2.4849, -2.4039, -2.4849, -1.9976, -2.2106,
        -2.4849, -2.1298, -2.3125, -2.6503, -2.9921, -2.5240, -2.9848])
[2022-10-24 17:49:31,827] automodels.py->Med_hyperHesTrain line:923 [INFO]data point 0 weight: paramM_tensor([-0.2353,  0.0000,  0.0000,  0.0946, -0.2354,  0.0950,  0.0000,  0.0000,
         0.0000,  0.1651,  0.0000,  0.2743,  0.0000,  0.0000,  0.0000,  0.0702,
         0.0702, -0.2743])
[2022-10-24 17:49:32,181] automodels.py->Med_hyperHesTrain line:948 [INFO]hyperTrain epoch: 18, batch_idx: 0, global_img_step: 21, aug_ops:[('gaussian blur', tensor([-0.6027])), ('ShearY', tensor([-0.1288]))]
[2022-10-24 17:49:32,181] automodels.py->Med_hyperHesTrain line:954 [INFO]hyperTrain batch 0% (0/130), task_lr=0.000007, hyper_lr=0.031267	gLtNorm 0.0651 (0.0651)	gLvNorm 1.4284 (1.4284)	mvpNorm 0.9479 (0.9479)

[2022-10-24 17:50:52,022] automodels.py->Med_innerTrain line:1026 [INFO]Train epoch: 18, batch_idx: 0, global_img_step: 22, aug_ops:[('saturation', tensor([-0.7938]))]
[2022-10-24 17:51:57,015] automodels.py->Med_innerTrain line:1043 [INFO]Epoch: 18	 Inner Train loss: 0.8831, acc=0.6603, lr=0.000007	
[2022-10-24 17:51:59,253] automodels.py->Med_innerTest line:1211 [INFO]Epoch: 18	 Test loss: 1.0087, score: 0.6291
[2022-10-24 17:52:00,434] exp4_main.py->main line:318 [INFO]save train history at: /mnt/Nami/rayeh/Med_AutoDO/picture/exp4_1to10_UNet_e50_opt_HES_est_True_aug_model_SEP_los_model_NONE_ir_1_sr_1.0_nr_0.0.jpg
[2022-10-24 17:52:00,435] exp4_main.py->main line:277 [INFO]38% (19/50)
[2022-10-24 17:52:01,446] automodels.py->Med_hyperHesTrain line:923 [INFO]data point 0 weight: paramP_tensor([-2.3114, -1.7011, -2.9385, -2.2425, -2.0885, -2.4849, -2.3137, -2.2106,
        -2.4849, -1.9238, -2.3331, -2.5697, -2.9963, -2.5188, -3.0185])
[2022-10-24 17:52:01,450] automodels.py->Med_hyperHesTrain line:923 [INFO]data point 0 weight: paramM_tensor([-0.2353,  0.0000,  0.0000,  0.0946, -0.2354,  0.0950,  0.0000,  0.0000,
         0.0000,  0.1651,  0.0000,  0.2743,  0.0000,  0.0000,  0.0000,  0.0702,
         0.0702, -0.2743])
[2022-10-24 17:52:01,710] automodels.py->Med_hyperHesTrain line:948 [INFO]hyperTrain epoch: 19, batch_idx: 0, global_img_step: 23, aug_ops:[('saturation', tensor([0.2171])), ('TranslateY', tensor([0.6745])), ('Equalize', tensor([-0.0515]))]
[2022-10-24 17:52:01,711] automodels.py->Med_hyperHesTrain line:954 [INFO]hyperTrain batch 0% (0/130), task_lr=0.000007, hyper_lr=0.040022	gLtNorm 0.3083 (0.3083)	gLvNorm 0.5118 (0.5118)	mvpNorm 0.4722 (0.4722)

[2022-10-24 17:53:22,177] automodels.py->Med_innerTrain line:1026 [INFO]Train epoch: 19, batch_idx: 0, global_img_step: 24, aug_ops:[('elastic transform', tensor([-0.1274]))]
[2022-10-24 17:54:26,934] automodels.py->Med_innerTrain line:1043 [INFO]Epoch: 19	 Inner Train loss: 0.8981, acc=0.6527, lr=0.000007	
[2022-10-24 17:54:28,904] automodels.py->Med_innerTest line:1211 [INFO]Epoch: 19	 Test loss: 1.0068, score: 0.6279
[2022-10-24 17:54:29,196] exp4_main.py->main line:318 [INFO]save train history at: /mnt/Nami/rayeh/Med_AutoDO/picture/exp4_1to10_UNet_e50_opt_HES_est_True_aug_model_SEP_los_model_NONE_ir_1_sr_1.0_nr_0.0.jpg
[2022-10-24 17:54:29,197] exp4_main.py->main line:277 [INFO]40% (20/50)
[2022-10-24 17:54:30,181] automodels.py->Med_hyperHesTrain line:923 [INFO]data point 0 weight: paramP_tensor([-2.7403, -1.6549, -3.1051, -1.8277, -1.8899, -2.4849, -2.4535, -2.2106,
        -2.4849, -2.4032, -2.8034, -2.6456, -2.6711, -2.4736, -3.4823])
[2022-10-24 17:54:30,184] automodels.py->Med_hyperHesTrain line:923 [INFO]data point 0 weight: paramM_tensor([-0.2353,  0.0000,  0.0000,  0.0946, -0.2354,  0.0950,  0.4797,  0.4797,
         0.4797,  0.1651,  0.0000,  0.2743,  0.0000, -0.4797,  0.0000,  0.0702,
         0.0702, -0.2743])
[2022-10-24 17:54:30,497] automodels.py->Med_hyperHesTrain line:948 [INFO]hyperTrain epoch: 20, batch_idx: 0, global_img_step: 25, aug_ops:[('elastic transform', tensor([-0.4303])), ('TranslateY', tensor([-1.])), ('Equalize', tensor([0.6487]))]
[2022-10-24 17:54:30,498] automodels.py->Med_hyperHesTrain line:954 [INFO]hyperTrain batch 0% (0/130), task_lr=0.000007, hyper_lr=0.047527	gLtNorm 0.2514 (0.2514)	gLvNorm 0.4392 (0.4392)	mvpNorm 0.8070 (0.8070)

[2022-10-24 17:55:50,612] automodels.py->Med_innerTrain line:1026 [INFO]Train epoch: 20, batch_idx: 0, global_img_step: 26, aug_ops:[('brightness', tensor([0.0100]))]
[2022-10-24 17:56:55,314] automodels.py->Med_innerTrain line:1043 [INFO]Epoch: 20	 Inner Train loss: 0.8086, acc=0.6773, lr=0.000007	
[2022-10-24 17:56:57,296] automodels.py->Med_innerTest line:1211 [INFO]Epoch: 20	 Test loss: 1.6416, score: 0.5801
[2022-10-24 17:56:57,593] exp4_main.py->main line:318 [INFO]save train history at: /mnt/Nami/rayeh/Med_AutoDO/picture/exp4_1to10_UNet_e50_opt_HES_est_True_aug_model_SEP_los_model_NONE_ir_1_sr_1.0_nr_0.0.jpg
[2022-10-24 17:56:57,594] exp4_main.py->main line:277 [INFO]42% (21/50)
[2022-10-24 17:56:58,620] automodels.py->Med_hyperHesTrain line:923 [INFO]data point 0 weight: paramP_tensor([-2.8299, -1.4996, -3.1389, -2.3013, -1.8706, -2.4849, -2.4940, -2.2106,
        -2.4849, -2.1160, -2.7510, -2.7878, -2.7327, -2.5126, -3.7070])
[2022-10-24 17:56:58,624] automodels.py->Med_hyperHesTrain line:923 [INFO]data point 0 weight: paramM_tensor([-0.2353,  0.0000,  0.0000,  0.5675, -0.2512, -0.3803,  0.9532,  0.9202,
         0.0045,  0.1651,  0.0000,  0.2743,  0.0000, -0.4797,  0.0000,  0.0702,
        -0.3581, -0.2743])
[2022-10-24 17:56:58,941] automodels.py->Med_hyperHesTrain line:948 [INFO]hyperTrain epoch: 21, batch_idx: 0, global_img_step: 27, aug_ops:[('Rotate', tensor([0.2028])), ('TranslateX', tensor([0.4467])), ('ShearX', tensor([0.0514]))]
[2022-10-24 17:56:58,943] automodels.py->Med_hyperHesTrain line:954 [INFO]hyperTrain batch 0% (0/130), task_lr=0.000006, hyper_lr=0.046465	gLtNorm 0.6025 (0.6025)	gLvNorm 0.1484 (0.1484)	mvpNorm 0.2506 (0.2506)

[2022-10-24 17:58:19,344] automodels.py->Med_innerTrain line:1026 [INFO]Train epoch: 21, batch_idx: 0, global_img_step: 28, aug_ops:[('idenity', [1.0])]
[2022-10-24 17:59:24,137] automodels.py->Med_innerTrain line:1043 [INFO]Epoch: 21	 Inner Train loss: 0.7867, acc=0.6964, lr=0.000006	
[2022-10-24 17:59:26,095] automodels.py->Med_innerTest line:1211 [INFO]Epoch: 21	 Test loss: 0.9870, score: 0.6347
[2022-10-24 17:59:26,570] exp4_main.py->main line:318 [INFO]save train history at: /mnt/Nami/rayeh/Med_AutoDO/picture/exp4_1to10_UNet_e50_opt_HES_est_True_aug_model_SEP_los_model_NONE_ir_1_sr_1.0_nr_0.0.jpg
[2022-10-24 17:59:26,571] exp4_main.py->main line:277 [INFO]44% (22/50)
[2022-10-24 17:59:27,551] automodels.py->Med_hyperHesTrain line:923 [INFO]data point 0 weight: paramP_tensor([-2.3976, -1.5890, -2.6775, -2.3400, -1.8655, -2.4849, -2.0423, -2.2106,
        -2.4849, -2.5468, -2.6597, -2.3367, -3.1966, -2.4239, -3.7036])
[2022-10-24 17:59:27,554] automodels.py->Med_hyperHesTrain line:923 [INFO]data point 0 weight: paramM_tensor([-0.2353,  0.4646,  0.0000,  0.5675, -0.7152, -0.3803,  0.9532,  0.9202,
         0.4606,  0.1651,  0.0000,  0.2743,  0.0000, -0.4797,  0.0000,  0.0702,
        -0.3581, -0.2743])
[2022-10-24 17:59:27,829] automodels.py->Med_hyperHesTrain line:948 [INFO]hyperTrain epoch: 22, batch_idx: 0, global_img_step: 29, aug_ops:[('brightness', tensor([-0.4667])), ('Hed', tensor([ 0.2779, -0.1847,  0.2570])), ('TranslateY', tensor([-0.0366]))]
[2022-10-24 17:59:27,830] automodels.py->Med_hyperHesTrain line:954 [INFO]hyperTrain batch 0% (0/130), task_lr=0.000006, hyper_lr=0.045230	gLtNorm 1.1005 (1.1005)	gLvNorm 0.1800 (0.1800)	mvpNorm 0.9517 (0.9517)

[2022-10-24 18:00:48,300] automodels.py->Med_innerTrain line:1026 [INFO]Train epoch: 22, batch_idx: 0, global_img_step: 30, aug_ops:[('Rotate', tensor([-0.1550])), ('Equalize', tensor([-0.0768]))]
[2022-10-24 18:01:52,634] automodels.py->Med_innerTrain line:1043 [INFO]Epoch: 22	 Inner Train loss: 0.7812, acc=0.7074, lr=0.000006	
[2022-10-24 18:01:54,626] automodels.py->Med_innerTest line:1211 [INFO]Epoch: 22	 Test loss: 0.6975, score: 0.7082
[2022-10-24 18:01:54,906] exp4_main.py->main line:318 [INFO]save train history at: /mnt/Nami/rayeh/Med_AutoDO/picture/exp4_1to10_UNet_e50_opt_HES_est_True_aug_model_SEP_los_model_NONE_ir_1_sr_1.0_nr_0.0.jpg
[2022-10-24 18:01:54,907] exp4_main.py->main line:277 [INFO]46% (23/50)
[2022-10-24 18:01:55,867] automodels.py->Med_hyperHesTrain line:923 [INFO]data point 0 weight: paramP_tensor([-2.8019, -1.1384, -2.7583, -2.3463, -1.4144, -2.4849, -1.8519, -2.2106,
        -2.4849, -2.9170, -3.0311, -2.6531, -3.1835, -2.8482, -3.7726])
[2022-10-24 18:01:55,872] automodels.py->Med_hyperHesTrain line:923 [INFO]data point 0 weight: paramM_tensor([-0.2353,  0.4646,  0.0000,  0.5675, -0.7152, -0.3803,  0.5302,  0.9202,
         0.4606,  0.1651,  0.0000,  0.2743,  0.0000, -0.4797,  0.0000,  0.0702,
        -0.3581, -0.2743])
[2022-10-24 18:01:56,339] automodels.py->Med_hyperHesTrain line:948 [INFO]hyperTrain epoch: 23, batch_idx: 0, global_img_step: 31, aug_ops:[('contrast', tensor([-0.6420])), ('sharpen', tensor([0.0397]))]
[2022-10-24 18:01:56,340] automodels.py->Med_hyperHesTrain line:954 [INFO]hyperTrain batch 0% (0/130), task_lr=0.000006, hyper_lr=0.043833	gLtNorm 4.3491 (4.3491)	gLvNorm 0.0110 (0.0110)	mvpNorm 4.2557 (4.2557)

[2022-10-24 18:03:15,251] automodels.py->Med_innerTrain line:1026 [INFO]Train epoch: 23, batch_idx: 0, global_img_step: 32, aug_ops:[('brightness', tensor([-0.1051]))]
[2022-10-24 18:04:15,887] automodels.py->Med_innerTrain line:1043 [INFO]Epoch: 23	 Inner Train loss: 0.8524, acc=0.6733, lr=0.000006	
[2022-10-24 18:04:17,864] automodels.py->Med_innerTest line:1211 [INFO]Epoch: 23	 Test loss: 0.8297, score: 0.6445
[2022-10-24 18:04:18,114] exp4_main.py->main line:318 [INFO]save train history at: /mnt/Nami/rayeh/Med_AutoDO/picture/exp4_1to10_UNet_e50_opt_HES_est_True_aug_model_SEP_los_model_NONE_ir_1_sr_1.0_nr_0.0.jpg
[2022-10-24 18:04:18,114] exp4_main.py->main line:277 [INFO]48% (24/50)
[2022-10-24 18:04:19,105] automodels.py->Med_hyperHesTrain line:923 [INFO]data point 0 weight: paramP_tensor([-2.6268, -1.1402, -3.1529, -1.9410, -0.9814, -2.4849, -2.2655, -2.2106,
        -2.4849, -2.9260, -3.4434, -2.4366, -3.5414, -2.8716, -3.7317])
[2022-10-24 18:04:19,108] automodels.py->Med_hyperHesTrain line:923 [INFO]data point 0 weight: paramM_tensor([-0.2353,  0.6749,  0.0000,  0.5675, -0.7152, -0.3803,  0.5302,  0.9202,
         0.4606,  0.1651,  0.0000,  0.2743,  0.0000, -0.4797,  0.0000,  0.0702,
        -0.3581, -0.2743])
[2022-10-24 18:04:19,388] automodels.py->Med_hyperHesTrain line:948 [INFO]hyperTrain epoch: 24, batch_idx: 0, global_img_step: 33, aug_ops:[('TranslateX', tensor([0.6530])), ('ShearX', tensor([0.1674]))]
[2022-10-24 18:04:19,389] automodels.py->Med_hyperHesTrain line:954 [INFO]hyperTrain batch 0% (0/130), task_lr=0.000005, hyper_lr=0.042284	gLtNorm 0.3215 (0.3215)	gLvNorm 0.3112 (0.3112)	mvpNorm 0.6056 (0.6056)

[2022-10-24 18:05:36,209] automodels.py->Med_innerTrain line:1026 [INFO]Train epoch: 24, batch_idx: 0, global_img_step: 34, aug_ops:[('idenity', [1.0])]
[2022-10-24 18:06:36,224] automodels.py->Med_innerTrain line:1043 [INFO]Epoch: 24	 Inner Train loss: 0.7912, acc=0.6973, lr=0.000005	
[2022-10-24 18:06:38,210] automodels.py->Med_innerTest line:1211 [INFO]Epoch: 24	 Test loss: 1.2879, score: 0.6181
[2022-10-24 18:06:38,476] exp4_main.py->main line:318 [INFO]save train history at: /mnt/Nami/rayeh/Med_AutoDO/picture/exp4_1to10_UNet_e50_opt_HES_est_True_aug_model_SEP_los_model_NONE_ir_1_sr_1.0_nr_0.0.jpg
[2022-10-24 18:06:38,476] exp4_main.py->main line:277 [INFO]50% (25/50)
[2022-10-24 18:06:39,426] automodels.py->Med_hyperHesTrain line:923 [INFO]data point 0 weight: paramP_tensor([-3.0455, -1.0931, -3.1565, -2.0017, -1.0152, -2.4849, -2.3049, -2.2106,
        -2.4849, -2.9109, -3.4447, -2.8376, -3.3795, -2.7607, -3.8074])
[2022-10-24 18:06:39,430] automodels.py->Med_hyperHesTrain line:923 [INFO]data point 0 weight: paramM_tensor([-0.2353,  0.7076,  0.0000,  0.5675, -0.7152, -0.3803,  0.9516,  0.4978,
         0.8804,  0.1651,  0.0000,  0.2743,  0.0000, -0.4797,  0.0000,  0.0702,
        -0.3581, -0.2743])
[2022-10-24 18:06:39,760] automodels.py->Med_hyperHesTrain line:948 [INFO]hyperTrain epoch: 25, batch_idx: 0, global_img_step: 35, aug_ops:[('gaussian blur', tensor([0.1626])), ('Equalize', tensor([-0.9570]))]
[2022-10-24 18:06:39,762] automodels.py->Med_hyperHesTrain line:954 [INFO]hyperTrain batch 0% (0/130), task_lr=0.000005, hyper_lr=0.040597	gLtNorm 0.5440 (0.5440)	gLvNorm 0.2752 (0.2752)	mvpNorm 0.8628 (0.8628)

[2022-10-24 18:07:55,844] automodels.py->Med_innerTrain line:1026 [INFO]Train epoch: 25, batch_idx: 0, global_img_step: 36, aug_ops:[('brightness', tensor([-0.1505])), ('saturation', tensor([0.0657])), ('gaussian blur', tensor([-0.5281])), ('sharpen', tensor([0.1129])), ('ShearX', tensor([-0.3352]))]
[2022-10-24 18:08:56,469] automodels.py->Med_innerTrain line:1043 [INFO]Epoch: 25	 Inner Train loss: 0.7449, acc=0.7181, lr=0.000005	
[2022-10-24 18:08:58,455] automodels.py->Med_innerTest line:1211 [INFO]Epoch: 25	 Test loss: 1.4064, score: 0.6132
[2022-10-24 18:08:58,718] exp4_main.py->main line:318 [INFO]save train history at: /mnt/Nami/rayeh/Med_AutoDO/picture/exp4_1to10_UNet_e50_opt_HES_est_True_aug_model_SEP_los_model_NONE_ir_1_sr_1.0_nr_0.0.jpg
[2022-10-24 18:08:58,719] exp4_main.py->main line:277 [INFO]52% (26/50)
[2022-10-24 18:08:59,760] automodels.py->Med_hyperHesTrain line:923 [INFO]data point 0 weight: paramP_tensor([-2.9396, -0.9564, -2.9609, -2.0330, -0.9632, -2.4849, -1.8992, -2.2106,
        -2.4849, -3.0453, -3.8505, -2.5951, -3.7684, -2.9080, -3.5713])
[2022-10-24 18:08:59,764] automodels.py->Med_hyperHesTrain line:923 [INFO]data point 0 weight: paramM_tensor([-0.2353,  0.7076,  0.0000,  0.9735, -0.7152, -0.3803,  0.9516,  0.4978,
         0.8804,  0.1651,  0.0000,  0.2743,  0.0000, -0.4797,  0.0000, -0.3358,
        -0.3581, -0.2743])
[2022-10-24 18:09:00,173] automodels.py->Med_hyperHesTrain line:948 [INFO]hyperTrain epoch: 26, batch_idx: 0, global_img_step: 37, aug_ops:[('idenity', [1.0])]
[2022-10-24 18:09:00,175] automodels.py->Med_hyperHesTrain line:954 [INFO]hyperTrain batch 0% (0/130), task_lr=0.000005, hyper_lr=0.038784	gLtNorm 0.1122 (0.1122)	gLvNorm 0.3373 (0.3373)	mvpNorm 0.1102 (0.1102)

[2022-10-24 18:10:16,881] automodels.py->Med_innerTrain line:1026 [INFO]Train epoch: 26, batch_idx: 0, global_img_step: 38, aug_ops:[('ShearX', tensor([-1.]))]
[2022-10-24 18:11:17,779] automodels.py->Med_innerTrain line:1043 [INFO]Epoch: 26	 Inner Train loss: 0.7406, acc=0.7196, lr=0.000005	
[2022-10-24 18:11:19,751] automodels.py->Med_innerTest line:1211 [INFO]Epoch: 26	 Test loss: 1.1416, score: 0.6475
[2022-10-24 18:11:20,079] exp4_main.py->main line:318 [INFO]save train history at: /mnt/Nami/rayeh/Med_AutoDO/picture/exp4_1to10_UNet_e50_opt_HES_est_True_aug_model_SEP_los_model_NONE_ir_1_sr_1.0_nr_0.0.jpg
[2022-10-24 18:11:20,080] exp4_main.py->main line:277 [INFO]54% (27/50)
[2022-10-24 18:11:21,021] automodels.py->Med_hyperHesTrain line:923 [INFO]data point 0 weight: paramP_tensor([-2.5780, -0.9958, -2.6204, -2.4158, -0.9074, -2.4849, -1.9429, -2.2106,
        -2.4849, -3.0968, -3.8507, -2.8900, -3.8240, -3.1164, -3.2216])
[2022-10-24 18:11:21,024] automodels.py->Med_hyperHesTrain line:923 [INFO]data point 0 weight: paramM_tensor([-0.2353,  0.3496,  0.0000,  0.9692, -0.6901, -0.7580,  0.9516,  0.4978,
         1.2658,  0.1651,  0.0000,  0.2743,  0.0000, -0.4797,  0.0000, -0.3358,
        -0.3581, -0.2743])
[2022-10-24 18:11:21,400] automodels.py->Med_hyperHesTrain line:948 [INFO]hyperTrain epoch: 27, batch_idx: 0, global_img_step: 39, aug_ops:[('sharpen', tensor([0.5674]))]
[2022-10-24 18:11:21,401] automodels.py->Med_hyperHesTrain line:954 [INFO]hyperTrain batch 0% (0/130), task_lr=0.000004, hyper_lr=0.036860	gLtNorm 0.1788 (0.1788)	gLvNorm 0.0605 (0.0605)	mvpNorm 0.0602 (0.0602)

[2022-10-24 18:12:38,356] automodels.py->Med_innerTrain line:1026 [INFO]Train epoch: 27, batch_idx: 0, global_img_step: 40, aug_ops:[('saturation', tensor([-0.1088])), ('Hsv', tensor([-0.0651, -0.2846, -0.3694])), ('TranslateY', tensor([-0.0139]))]
[2022-10-24 18:13:38,977] automodels.py->Med_innerTrain line:1043 [INFO]Epoch: 27	 Inner Train loss: 0.7442, acc=0.7235, lr=0.000004	
[2022-10-24 18:13:40,986] automodels.py->Med_innerTest line:1211 [INFO]Epoch: 27	 Test loss: 0.8780, score: 0.6356
[2022-10-24 18:13:41,255] exp4_main.py->main line:318 [INFO]save train history at: /mnt/Nami/rayeh/Med_AutoDO/picture/exp4_1to10_UNet_e50_opt_HES_est_True_aug_model_SEP_los_model_NONE_ir_1_sr_1.0_nr_0.0.jpg
[2022-10-24 18:13:41,255] exp4_main.py->main line:277 [INFO]56% (28/50)
[2022-10-24 18:13:42,238] automodels.py->Med_hyperHesTrain line:923 [INFO]data point 0 weight: paramP_tensor([-2.5833, -0.6275, -2.3012, -2.7602, -0.9059, -2.4849, -1.9423, -2.2106,
        -2.4849, -3.4654, -3.8903, -2.7518, -4.1916, -2.7617, -3.5900])
[2022-10-24 18:13:42,244] automodels.py->Med_hyperHesTrain line:923 [INFO]data point 0 weight: paramM_tensor([-0.2353,  0.3496,  0.0000,  0.9692, -0.6901, -0.7580,  0.9516,  0.8664,
         1.2658,  0.1651,  0.0000,  0.2743,  0.0000, -0.4797,  0.0000, -0.3358,
        -0.3581, -0.2743])
[2022-10-24 18:13:42,546] automodels.py->Med_hyperHesTrain line:948 [INFO]hyperTrain epoch: 28, batch_idx: 0, global_img_step: 41, aug_ops:[('ShearY', tensor([-0.3892]))]
[2022-10-24 18:13:42,547] automodels.py->Med_hyperHesTrain line:954 [INFO]hyperTrain batch 0% (0/130), task_lr=0.000004, hyper_lr=0.034841	gLtNorm 0.1631 (0.1631)	gLvNorm 0.2032 (0.2032)	mvpNorm 0.2222 (0.2222)

[2022-10-24 18:14:58,935] automodels.py->Med_innerTrain line:1026 [INFO]Train epoch: 28, batch_idx: 0, global_img_step: 42, aug_ops:[('Hed', tensor([ 0.1651,  0.3835, -0.5618])), ('Rotate', tensor([-0.5726]))]
[2022-10-24 18:15:59,443] automodels.py->Med_innerTrain line:1043 [INFO]Epoch: 28	 Inner Train loss: 0.7021, acc=0.7408, lr=0.000004	
[2022-10-24 18:16:01,422] automodels.py->Med_innerTest line:1211 [INFO]Epoch: 28	 Test loss: 1.0050, score: 0.6669
[2022-10-24 18:16:01,740] exp4_main.py->main line:318 [INFO]save train history at: /mnt/Nami/rayeh/Med_AutoDO/picture/exp4_1to10_UNet_e50_opt_HES_est_True_aug_model_SEP_los_model_NONE_ir_1_sr_1.0_nr_0.0.jpg
[2022-10-24 18:16:01,740] exp4_main.py->main line:277 [INFO]58% (29/50)
[2022-10-24 18:16:02,757] automodels.py->Med_hyperHesTrain line:923 [INFO]data point 0 weight: paramP_tensor([-2.5835, -0.6269, -2.3691, -2.6680, -0.5828, -2.4849, -1.5940, -2.2106,
        -2.4849, -3.5954, -3.8886, -2.4046, -4.4608, -2.4243, -3.5985])
[2022-10-24 18:16:02,761] automodels.py->Med_hyperHesTrain line:923 [INFO]data point 0 weight: paramM_tensor([-0.2353,  0.5854,  0.0000,  0.9692, -0.6901, -0.7580,  0.6075,  0.8551,
         1.4664,  0.1651,  0.3484,  0.2743,  0.0000, -0.4797,  0.0000, -0.3358,
        -0.3581, -0.2743])
[2022-10-24 18:16:03,034] automodels.py->Med_hyperHesTrain line:948 [INFO]hyperTrain epoch: 29, batch_idx: 0, global_img_step: 43, aug_ops:[('TranslateY', tensor([0.7088]))]
[2022-10-24 18:16:03,035] automodels.py->Med_hyperHesTrain line:954 [INFO]hyperTrain batch 0% (0/130), task_lr=0.000004, hyper_lr=0.032743	gLtNorm 0.0772 (0.0772)	gLvNorm 0.5340 (0.5340)	mvpNorm 0.5567 (0.5567)

[2022-10-24 18:17:19,655] automodels.py->Med_innerTrain line:1026 [INFO]Train epoch: 29, batch_idx: 0, global_img_step: 44, aug_ops:[('idenity', [1.0])]
[2022-10-24 18:18:20,254] automodels.py->Med_innerTrain line:1043 [INFO]Epoch: 29	 Inner Train loss: 0.7720, acc=0.7158, lr=0.000004	
[2022-10-24 18:18:22,225] automodels.py->Med_innerTest line:1211 [INFO]Epoch: 29	 Test loss: 1.3018, score: 0.6154
[2022-10-24 18:18:22,517] exp4_main.py->main line:318 [INFO]save train history at: /mnt/Nami/rayeh/Med_AutoDO/picture/exp4_1to10_UNet_e50_opt_HES_est_True_aug_model_SEP_los_model_NONE_ir_1_sr_1.0_nr_0.0.jpg
[2022-10-24 18:18:22,518] exp4_main.py->main line:277 [INFO]60% (30/50)
[2022-10-24 18:18:23,542] automodels.py->Med_hyperHesTrain line:923 [INFO]data point 0 weight: paramP_tensor([-2.6103, -0.4759, -2.6122, -2.6104, -0.6343, -2.4849, -1.5812, -2.2106,
        -2.4849, -3.9183, -4.1942, -2.3350, -4.6425, -2.4795, -3.9247])
[2022-10-24 18:18:23,546] automodels.py->Med_hyperHesTrain line:923 [INFO]data point 0 weight: paramM_tensor([-0.2353,  0.5854,  0.3274,  0.9692, -0.6901, -0.7580,  0.6075,  0.8551,
         1.4664,  0.1651,  0.3484,  0.2743,  0.0000, -0.4797,  0.0000, -0.3358,
        -0.3581,  0.0532])
[2022-10-24 18:18:23,866] automodels.py->Med_hyperHesTrain line:948 [INFO]hyperTrain epoch: 30, batch_idx: 0, global_img_step: 45, aug_ops:[('Rotate', tensor([0.5575]))]
[2022-10-24 18:18:23,867] automodels.py->Med_hyperHesTrain line:954 [INFO]hyperTrain batch 0% (0/130), task_lr=0.000003, hyper_lr=0.030582	gLtNorm 0.3166 (0.3166)	gLvNorm 0.2515 (0.2515)	mvpNorm 0.7685 (0.7685)

[2022-10-24 18:19:41,360] automodels.py->Med_innerTrain line:1026 [INFO]Train epoch: 30, batch_idx: 0, global_img_step: 46, aug_ops:[('sharpen', tensor([0.3698]))]
[2022-10-24 18:20:42,192] automodels.py->Med_innerTrain line:1043 [INFO]Epoch: 30	 Inner Train loss: 0.7692, acc=0.7090, lr=0.000003	
[2022-10-24 18:20:44,187] automodels.py->Med_innerTest line:1211 [INFO]Epoch: 30	 Test loss: 1.2324, score: 0.6295
[2022-10-24 18:20:44,480] exp4_main.py->main line:318 [INFO]save train history at: /mnt/Nami/rayeh/Med_AutoDO/picture/exp4_1to10_UNet_e50_opt_HES_est_True_aug_model_SEP_los_model_NONE_ir_1_sr_1.0_nr_0.0.jpg
[2022-10-24 18:20:44,480] exp4_main.py->main line:277 [INFO]62% (31/50)
[2022-10-24 18:20:45,483] automodels.py->Med_hyperHesTrain line:923 [INFO]data point 0 weight: paramP_tensor([-2.8428, -0.1977, -2.6290, -2.3595, -0.8695, -2.4849, -1.5852, -1.9048,
        -2.4849, -3.9182, -3.9194, -2.3325, -4.5462, -2.2123, -4.2026])
[2022-10-24 18:20:45,487] automodels.py->Med_hyperHesTrain line:923 [INFO]data point 0 weight: paramM_tensor([-0.2353,  0.5854,  0.3274,  0.9692, -0.6901, -0.7580,  0.6075,  0.8551,
         1.4705,  0.1651,  0.3484,  0.5801,  0.0000, -0.4797,  0.0000, -0.3358,
        -0.3581,  0.0532])
[2022-10-24 18:20:45,820] automodels.py->Med_hyperHesTrain line:948 [INFO]hyperTrain epoch: 31, batch_idx: 0, global_img_step: 47, aug_ops:[('TranslateX', tensor([0.1860]))]
[2022-10-24 18:20:45,821] automodels.py->Med_hyperHesTrain line:954 [INFO]hyperTrain batch 0% (0/130), task_lr=0.000003, hyper_lr=0.028377	gLtNorm 0.1618 (0.1618)	gLvNorm 0.0889 (0.0889)	mvpNorm 0.3096 (0.3096)

[2022-10-24 18:22:02,954] automodels.py->Med_innerTrain line:1026 [INFO]Train epoch: 31, batch_idx: 0, global_img_step: 48, aug_ops:[('TranslateY', tensor([-0.0973]))]
[2022-10-24 18:23:03,361] automodels.py->Med_innerTrain line:1043 [INFO]Epoch: 31	 Inner Train loss: 0.7118, acc=0.7261, lr=0.000003	
[2022-10-24 18:23:05,369] automodels.py->Med_innerTest line:1211 [INFO]Epoch: 31	 Test loss: 1.0657, score: 0.6716
[2022-10-24 18:23:05,652] exp4_main.py->main line:318 [INFO]save train history at: /mnt/Nami/rayeh/Med_AutoDO/picture/exp4_1to10_UNet_e50_opt_HES_est_True_aug_model_SEP_los_model_NONE_ir_1_sr_1.0_nr_0.0.jpg
[2022-10-24 18:23:05,653] exp4_main.py->main line:277 [INFO]64% (32/50)
[2022-10-24 18:23:06,719] automodels.py->Med_hyperHesTrain line:923 [INFO]data point 0 weight: paramP_tensor([-3.1261,  0.0788, -2.3454, -2.6418, -1.1515, -2.4849, -1.5852, -1.9048,
        -2.4849, -3.9144, -3.9752, -2.5687, -4.5497, -2.4960, -4.3704])
[2022-10-24 18:23:06,723] automodels.py->Med_hyperHesTrain line:923 [INFO]data point 0 weight: paramM_tensor([-0.2353,  0.5854,  0.3274,  0.6862, -0.4063, -1.0417,  0.6075,  0.8551,
         1.4705,  0.1651,  0.6322,  0.5801,  0.0000, -0.4797,  0.0000, -0.3358,
        -0.3581,  0.0532])
[2022-10-24 18:23:07,129] automodels.py->Med_hyperHesTrain line:948 [INFO]hyperTrain epoch: 32, batch_idx: 0, global_img_step: 49, aug_ops:[('Hsv', tensor([-0.1188, -0.5704,  0.2885])), ('Hed', tensor([-0.0247, -0.6217,  0.3763])), ('ShearY', tensor([-0.1741]))]
[2022-10-24 18:23:07,132] automodels.py->Med_hyperHesTrain line:954 [INFO]hyperTrain batch 0% (0/130), task_lr=0.000003, hyper_lr=0.026145	gLtNorm 0.7907 (0.7907)	gLvNorm 0.0951 (0.0951)	mvpNorm 0.6472 (0.6472)

[2022-10-24 18:24:23,959] automodels.py->Med_innerTrain line:1026 [INFO]Train epoch: 32, batch_idx: 0, global_img_step: 50, aug_ops:[('Rotate', tensor([0.7165]))]
[2022-10-24 18:25:24,370] automodels.py->Med_innerTrain line:1043 [INFO]Epoch: 32	 Inner Train loss: 0.6918, acc=0.7352, lr=0.000003	
[2022-10-24 18:25:26,356] automodels.py->Med_innerTest line:1211 [INFO]Epoch: 32	 Test loss: 0.9334, score: 0.6774
[2022-10-24 18:25:26,633] exp4_main.py->main line:318 [INFO]save train history at: /mnt/Nami/rayeh/Med_AutoDO/picture/exp4_1to10_UNet_e50_opt_HES_est_True_aug_model_SEP_los_model_NONE_ir_1_sr_1.0_nr_0.0.jpg
[2022-10-24 18:25:26,634] exp4_main.py->main line:277 [INFO]66% (33/50)
[2022-10-24 18:25:27,661] automodels.py->Med_hyperHesTrain line:923 [INFO]data point 0 weight: paramP_tensor([-3.0265,  0.0820, -2.5651, -2.6269, -1.1166, -2.4849, -1.6048, -1.9048,
        -2.4849, -3.9144, -3.9626, -2.6213, -4.5523, -2.4984, -4.3714])
[2022-10-24 18:25:27,663] automodels.py->Med_hyperHesTrain line:923 [INFO]data point 0 weight: paramM_tensor([-0.2353,  0.8403,  0.3274,  0.6862, -0.4063, -1.0417,  0.6075,  0.8193,
         1.4705,  0.1651,  0.6322,  0.5801,  0.0000, -0.4797,  0.0000, -0.3358,
        -0.3581,  0.0532])
[2022-10-24 18:25:27,952] automodels.py->Med_hyperHesTrain line:948 [INFO]hyperTrain epoch: 33, batch_idx: 0, global_img_step: 51, aug_ops:[('idenity', [1.0])]
[2022-10-24 18:25:27,952] automodels.py->Med_hyperHesTrain line:954 [INFO]hyperTrain batch 0% (0/130), task_lr=0.000003, hyper_lr=0.023905	gLtNorm 0.0690 (0.0690)	gLvNorm 0.0274 (0.0274)	mvpNorm 0.0377 (0.0377)

[2022-10-24 18:26:44,844] automodels.py->Med_innerTrain line:1026 [INFO]Train epoch: 33, batch_idx: 0, global_img_step: 52, aug_ops:[('contrast', tensor([-0.3293])), ('saturation', tensor([0.0167]))]
[2022-10-24 18:27:45,252] automodels.py->Med_innerTrain line:1043 [INFO]Epoch: 33	 Inner Train loss: 0.6742, acc=0.7475, lr=0.000003	
[2022-10-24 18:27:47,250] automodels.py->Med_innerTest line:1211 [INFO]Epoch: 33	 Test loss: 1.0928, score: 0.6684
[2022-10-24 18:27:47,539] exp4_main.py->main line:318 [INFO]save train history at: /mnt/Nami/rayeh/Med_AutoDO/picture/exp4_1to10_UNet_e50_opt_HES_est_True_aug_model_SEP_los_model_NONE_ir_1_sr_1.0_nr_0.0.jpg
[2022-10-24 18:27:47,540] exp4_main.py->main line:277 [INFO]68% (34/50)
[2022-10-24 18:27:48,565] automodels.py->Med_hyperHesTrain line:923 [INFO]data point 0 weight: paramP_tensor([-3.2149, -0.1497, -2.4572, -2.8624, -1.1274, -2.4849, -1.3714, -1.9048,
        -2.4849, -3.9140, -3.7588, -2.6391, -4.5507, -2.4984, -4.1550])
[2022-10-24 18:27:48,569] automodels.py->Med_hyperHesTrain line:923 [INFO]data point 0 weight: paramM_tensor([-0.2353,  0.8403,  0.3274,  0.6862, -0.1673, -1.0417,  0.6075,  0.8193,
         1.4705,  0.1651,  0.6322,  0.5801,  0.0000, -0.4797,  0.0000, -0.3358,
        -0.3581,  0.0532])
[2022-10-24 18:27:48,751] automodels.py->Med_hyperHesTrain line:948 [INFO]hyperTrain epoch: 34, batch_idx: 0, global_img_step: 53, aug_ops:[('contrast', tensor([-0.1040]))]
[2022-10-24 18:27:48,752] automodels.py->Med_hyperHesTrain line:954 [INFO]hyperTrain batch 0% (0/130), task_lr=0.000002, hyper_lr=0.021673	gLtNorm 0.8999 (0.8999)	gLvNorm 0.1489 (0.1489)	mvpNorm 0.6892 (0.6892)

[2022-10-24 18:29:05,744] automodels.py->Med_innerTrain line:1026 [INFO]Train epoch: 34, batch_idx: 0, global_img_step: 54, aug_ops:[('idenity', [1.0])]
[2022-10-24 18:30:05,998] automodels.py->Med_innerTrain line:1043 [INFO]Epoch: 34	 Inner Train loss: 0.7683, acc=0.7220, lr=0.000002	
[2022-10-24 18:30:08,015] automodels.py->Med_innerTest line:1211 [INFO]Epoch: 34	 Test loss: 1.0230, score: 0.6800
[2022-10-24 18:30:08,344] exp4_main.py->main line:318 [INFO]save train history at: /mnt/Nami/rayeh/Med_AutoDO/picture/exp4_1to10_UNet_e50_opt_HES_est_True_aug_model_SEP_los_model_NONE_ir_1_sr_1.0_nr_0.0.jpg
[2022-10-24 18:30:08,345] exp4_main.py->main line:277 [INFO]70% (35/50)
[2022-10-24 18:30:09,390] automodels.py->Med_hyperHesTrain line:923 [INFO]data point 0 weight: paramP_tensor([-3.3820,  0.0360, -2.6651, -2.6461, -0.9108, -2.4849, -1.1566, -1.9048,
        -2.4849, -3.9134, -3.9659, -2.4385, -4.5491, -2.4597, -4.1678])
[2022-10-24 18:30:09,394] automodels.py->Med_hyperHesTrain line:923 [INFO]data point 0 weight: paramM_tensor([-0.2353,  0.8403,  0.3274,  0.6862, -0.1673, -1.0417,  0.3908,  0.8193,
         1.4705,  0.1651,  0.6322,  0.5801,  0.0000, -0.4797,  0.0000, -0.1229,
        -0.1414,  0.0532])
[2022-10-24 18:30:09,651] automodels.py->Med_hyperHesTrain line:948 [INFO]hyperTrain epoch: 35, batch_idx: 0, global_img_step: 55, aug_ops:[('contrast', tensor([-1.])), ('Hsv', tensor([ 0.2798, -0.4216,  0.5598]))]
[2022-10-24 18:30:09,653] automodels.py->Med_hyperHesTrain line:954 [INFO]hyperTrain batch 0% (0/130), task_lr=0.000002, hyper_lr=0.019468	gLtNorm 21.9334 (21.9334)	gLvNorm 0.0795 (0.0795)	mvpNorm 24.4758 (24.4758)

[2022-10-24 18:31:25,945] automodels.py->Med_innerTrain line:1026 [INFO]Train epoch: 35, batch_idx: 0, global_img_step: 56, aug_ops:[('idenity', [1.0])]
[2022-10-24 18:32:26,174] automodels.py->Med_innerTrain line:1043 [INFO]Epoch: 35	 Inner Train loss: 0.7399, acc=0.7274, lr=0.000002	
[2022-10-24 18:32:28,144] automodels.py->Med_innerTest line:1211 [INFO]Epoch: 35	 Test loss: 1.0854, score: 0.6580
[2022-10-24 18:32:28,443] exp4_main.py->main line:318 [INFO]save train history at: /mnt/Nami/rayeh/Med_AutoDO/picture/exp4_1to10_UNet_e50_opt_HES_est_True_aug_model_SEP_los_model_NONE_ir_1_sr_1.0_nr_0.0.jpg
[2022-10-24 18:32:28,443] exp4_main.py->main line:277 [INFO]72% (36/50)
[2022-10-24 18:32:29,372] automodels.py->Med_hyperHesTrain line:923 [INFO]data point 0 weight: paramP_tensor([-3.4610,  0.0372, -2.6702, -2.6743, -0.9109, -2.4849, -1.3512, -1.9048,
        -2.4849, -4.1060, -4.1605, -2.2475, -4.7436, -2.3384, -4.1688])
[2022-10-24 18:32:29,376] automodels.py->Med_hyperHesTrain line:923 [INFO]data point 0 weight: paramM_tensor([-0.2353,  1.0348,  0.3274,  0.6862, -0.1673, -1.0417,  0.3908,  0.8193,
         1.4705,  0.1651,  0.4504,  0.5801,  0.0000, -0.4797, -0.1947,  0.0696,
        -0.1414,  0.0532])
[2022-10-24 18:32:29,700] automodels.py->Med_hyperHesTrain line:948 [INFO]hyperTrain epoch: 36, batch_idx: 0, global_img_step: 57, aug_ops:[('Hed', tensor([ 0.4054, -0.2767, -0.3020])), ('ShearX', tensor([0.0936])), ('ShearY', tensor([-0.1253]))]
[2022-10-24 18:32:29,701] automodels.py->Med_hyperHesTrain line:954 [INFO]hyperTrain batch 0% (0/130), task_lr=0.000002, hyper_lr=0.017307	gLtNorm 10.6787 (10.6787)	gLvNorm 0.2496 (0.2496)	mvpNorm 11.6733 (11.6733)

[2022-10-24 18:33:46,536] automodels.py->Med_innerTrain line:1026 [INFO]Train epoch: 36, batch_idx: 0, global_img_step: 58, aug_ops:[('Hed', tensor([ 0.1245,  0.3776, -0.0171])), ('elastic transform', tensor([-0.1256]))]
[2022-10-24 18:34:47,445] automodels.py->Med_innerTrain line:1043 [INFO]Epoch: 36	 Inner Train loss: 0.6550, acc=0.7518, lr=0.000002	
[2022-10-24 18:34:49,431] automodels.py->Med_innerTest line:1211 [INFO]Epoch: 36	 Test loss: 0.8915, score: 0.7016
[2022-10-24 18:34:49,707] exp4_main.py->main line:318 [INFO]save train history at: /mnt/Nami/rayeh/Med_AutoDO/picture/exp4_1to10_UNet_e50_opt_HES_est_True_aug_model_SEP_los_model_NONE_ir_1_sr_1.0_nr_0.0.jpg
[2022-10-24 18:34:49,707] exp4_main.py->main line:277 [INFO]74% (37/50)
[2022-10-24 18:34:50,716] automodels.py->Med_hyperHesTrain line:923 [INFO]data point 0 weight: paramP_tensor([-3.5873,  0.0411, -2.8066, -2.6482, -1.0685, -2.4849, -1.3467, -1.9048,
        -2.4849, -4.1111, -4.1555, -2.2514, -4.6389, -2.3923, -4.1693])
[2022-10-24 18:34:50,720] automodels.py->Med_hyperHesTrain line:923 [INFO]data point 0 weight: paramM_tensor([-0.2353,  0.8651,  0.5005,  0.6862, -0.1673, -1.0417,  0.3908,  0.8193,
         1.2977,  0.1651,  0.4504,  0.5801,  0.0000, -0.4797, -0.1947,  0.0696,
        -0.1414,  0.0532])
[2022-10-24 18:34:51,047] automodels.py->Med_hyperHesTrain line:948 [INFO]hyperTrain epoch: 37, batch_idx: 0, global_img_step: 59, aug_ops:[('brightness', tensor([-0.0277])), ('Rotate', tensor([0.4704]))]
[2022-10-24 18:34:51,048] automodels.py->Med_hyperHesTrain line:954 [INFO]hyperTrain batch 0% (0/130), task_lr=0.000002, hyper_lr=0.015209	gLtNorm 0.2423 (0.2423)	gLvNorm 0.9791 (0.9791)	mvpNorm 0.3722 (0.3722)

[2022-10-24 18:36:07,890] automodels.py->Med_innerTrain line:1026 [INFO]Train epoch: 37, batch_idx: 0, global_img_step: 60, aug_ops:[('idenity', [1.0])]
[2022-10-24 18:37:08,904] automodels.py->Med_innerTrain line:1043 [INFO]Epoch: 37	 Inner Train loss: 0.7038, acc=0.7406, lr=0.000002	
[2022-10-24 18:37:10,909] automodels.py->Med_innerTest line:1211 [INFO]Epoch: 37	 Test loss: 1.2843, score: 0.6355
[2022-10-24 18:37:11,207] exp4_main.py->main line:318 [INFO]save train history at: /mnt/Nami/rayeh/Med_AutoDO/picture/exp4_1to10_UNet_e50_opt_HES_est_True_aug_model_SEP_los_model_NONE_ir_1_sr_1.0_nr_0.0.jpg
[2022-10-24 18:37:11,207] exp4_main.py->main line:277 [INFO]76% (38/50)
[2022-10-24 18:37:12,226] automodels.py->Med_hyperHesTrain line:923 [INFO]data point 0 weight: paramP_tensor([-3.4460,  0.0451, -2.8396, -2.6477, -1.0780, -2.4849, -1.3461, -1.9048,
        -2.4849, -4.1106, -4.1557, -2.2461, -4.6388, -2.3515, -4.1922])
[2022-10-24 18:37:12,232] automodels.py->Med_hyperHesTrain line:923 [INFO]data point 0 weight: paramM_tensor([-0.2353,  0.7229,  0.5005,  0.6862, -0.1673, -1.0417,  0.3908,  0.8193,
         1.2977,  0.1651,  0.4504,  0.5801,  0.0000, -0.4797, -0.1947,  0.0696,
        -0.1414,  0.0532])
[2022-10-24 18:37:12,568] automodels.py->Med_hyperHesTrain line:948 [INFO]hyperTrain epoch: 38, batch_idx: 0, global_img_step: 61, aug_ops:[('idenity', [1.0])]
[2022-10-24 18:37:12,568] automodels.py->Med_hyperHesTrain line:954 [INFO]hyperTrain batch 0% (0/130), task_lr=0.000001, hyper_lr=0.013190	gLtNorm 0.4436 (0.4436)	gLvNorm 0.3322 (0.3322)	mvpNorm 0.8544 (0.8544)

[2022-10-24 18:38:29,686] automodels.py->Med_innerTrain line:1026 [INFO]Train epoch: 38, batch_idx: 0, global_img_step: 62, aug_ops:[('Hsv', tensor([ 0.2401, -0.2496, -0.1808]))]
[2022-10-24 18:39:30,076] automodels.py->Med_innerTrain line:1043 [INFO]Epoch: 38	 Inner Train loss: 0.7116, acc=0.7365, lr=0.000001	
[2022-10-24 18:39:32,296] automodels.py->Med_innerTest line:1211 [INFO]Epoch: 38	 Test loss: 1.0233, score: 0.6744
[2022-10-24 18:39:33,794] exp4_main.py->main line:318 [INFO]save train history at: /mnt/Nami/rayeh/Med_AutoDO/picture/exp4_1to10_UNet_e50_opt_HES_est_True_aug_model_SEP_los_model_NONE_ir_1_sr_1.0_nr_0.0.jpg
[2022-10-24 18:39:33,795] exp4_main.py->main line:277 [INFO]78% (39/50)
[2022-10-24 18:39:34,879] automodels.py->Med_hyperHesTrain line:923 [INFO]data point 0 weight: paramP_tensor([-3.4726,  0.1760, -2.9711, -2.6444, -1.1663, -2.4849, -1.3094, -1.9048,
        -2.4849, -4.2347, -4.1624, -2.3531, -4.6290, -2.3804, -4.3237])
[2022-10-24 18:39:34,884] automodels.py->Med_hyperHesTrain line:923 [INFO]data point 0 weight: paramM_tensor([-0.2353,  0.7229,  0.5005,  0.6862, -0.1673, -1.0417,  0.3908,  0.8193,
         1.2977,  0.1651,  0.4504,  0.7120,  0.0000, -0.4797, -0.1947,  0.0696,
        -0.1414,  0.0532])
[2022-10-24 18:39:37,671] automodels.py->Med_hyperHesTrain line:948 [INFO]hyperTrain epoch: 39, batch_idx: 0, global_img_step: 63, aug_ops:[('idenity', [1.0])]
[2022-10-24 18:39:37,673] automodels.py->Med_hyperHesTrain line:954 [INFO]hyperTrain batch 0% (0/130), task_lr=0.000001, hyper_lr=0.011266	gLtNorm 0.4201 (0.4201)	gLvNorm 0.0431 (0.0431)	mvpNorm 0.2862 (0.2862)

[2022-10-24 18:40:54,744] automodels.py->Med_innerTrain line:1026 [INFO]Train epoch: 39, batch_idx: 0, global_img_step: 64, aug_ops:[('TranslateY', tensor([-0.9334]))]
[2022-10-24 18:41:55,587] automodels.py->Med_innerTrain line:1043 [INFO]Epoch: 39	 Inner Train loss: 0.6885, acc=0.7392, lr=0.000001	
[2022-10-24 18:41:57,596] automodels.py->Med_innerTest line:1211 [INFO]Epoch: 39	 Test loss: 1.2207, score: 0.6457
[2022-10-24 18:41:57,872] exp4_main.py->main line:318 [INFO]save train history at: /mnt/Nami/rayeh/Med_AutoDO/picture/exp4_1to10_UNet_e50_opt_HES_est_True_aug_model_SEP_los_model_NONE_ir_1_sr_1.0_nr_0.0.jpg
[2022-10-24 18:41:57,873] exp4_main.py->main line:277 [INFO]80% (40/50)
[2022-10-24 18:41:58,930] automodels.py->Med_hyperHesTrain line:923 [INFO]data point 0 weight: paramP_tensor([-3.4418,  0.1763, -3.0056, -2.5635, -1.1831, -2.4849, -1.2007, -2.0174,
        -2.4849, -4.2119, -4.0519, -2.2405, -4.7404, -2.4529, -4.3241])
[2022-10-24 18:41:58,932] automodels.py->Med_hyperHesTrain line:923 [INFO]data point 0 weight: paramM_tensor([-0.2353,  0.6103,  0.5005,  0.6862, -0.1673, -1.0417,  0.3908,  0.8193,
         1.4102,  0.1651,  0.3405,  0.7111,  0.0000, -0.4797, -0.1947,  0.0696,
        -0.1414,  0.0532])
[2022-10-24 18:41:59,261] automodels.py->Med_hyperHesTrain line:948 [INFO]hyperTrain epoch: 40, batch_idx: 0, global_img_step: 65, aug_ops:[('contrast', tensor([0.0827])), ('sharpen', tensor([0.8211])), ('elastic transform', tensor([0.1584])), ('TranslateY', tensor([-0.4234])), ('Equalize', tensor([0.3184]))]
[2022-10-24 18:41:59,263] automodels.py->Med_hyperHesTrain line:954 [INFO]hyperTrain batch 0% (0/130), task_lr=0.000001, hyper_lr=0.009453	gLtNorm 1.5171 (1.5171)	gLvNorm 0.2377 (0.2377)	mvpNorm 2.6137 (2.6137)

[2022-10-24 18:43:16,019] automodels.py->Med_innerTrain line:1026 [INFO]Train epoch: 40, batch_idx: 0, global_img_step: 66, aug_ops:[('ShearX', tensor([0.2208]))]
[2022-10-24 18:44:16,893] automodels.py->Med_innerTrain line:1043 [INFO]Epoch: 40	 Inner Train loss: 0.6611, acc=0.7476, lr=0.000001	
[2022-10-24 18:44:18,886] automodels.py->Med_innerTest line:1211 [INFO]Epoch: 40	 Test loss: 0.8573, score: 0.6985
[2022-10-24 18:44:19,177] exp4_main.py->main line:318 [INFO]save train history at: /mnt/Nami/rayeh/Med_AutoDO/picture/exp4_1to10_UNet_e50_opt_HES_est_True_aug_model_SEP_los_model_NONE_ir_1_sr_1.0_nr_0.0.jpg
[2022-10-24 18:44:19,177] exp4_main.py->main line:277 [INFO]82% (41/50)
[2022-10-24 18:44:20,164] automodels.py->Med_hyperHesTrain line:923 [INFO]data point 0 weight: paramP_tensor([-3.5352,  0.2556, -3.0354, -2.4782, -1.1996, -2.4849, -1.2083, -2.0174,
        -2.4849, -4.3043, -4.0527, -2.2366, -4.7403, -2.3588, -4.3985])
[2022-10-24 18:44:20,168] automodels.py->Med_hyperHesTrain line:923 [INFO]data point 0 weight: paramM_tensor([-0.2353,  0.6103,  0.5005,  0.6862, -0.1673, -1.0417,  0.3908,  0.8193,
         1.4102,  0.1651,  0.3405,  0.8055,  0.0000, -0.5742, -0.1947,  0.0696,
        -0.1414,  0.1477])
[2022-10-24 18:44:20,437] automodels.py->Med_hyperHesTrain line:948 [INFO]hyperTrain epoch: 41, batch_idx: 0, global_img_step: 67, aug_ops:[('elastic transform', tensor([0.0451]))]
[2022-10-24 18:44:20,438] automodels.py->Med_hyperHesTrain line:954 [INFO]hyperTrain batch 0% (0/130), task_lr=0.000001, hyper_lr=0.007766	gLtNorm 0.9421 (0.9421)	gLvNorm 0.0230 (0.0230)	mvpNorm 1.0126 (1.0126)

[2022-10-24 18:45:37,135] automodels.py->Med_innerTrain line:1026 [INFO]Train epoch: 41, batch_idx: 0, global_img_step: 68, aug_ops:[('Hed', tensor([ 0.3059, -0.2558,  0.1829])), ('sharpen', tensor([0.0452])), ('Equalize', tensor([0.5409]))]
[2022-10-24 18:46:37,712] automodels.py->Med_innerTrain line:1043 [INFO]Epoch: 41	 Inner Train loss: 0.6792, acc=0.7441, lr=0.000001	
[2022-10-24 18:46:39,720] automodels.py->Med_innerTest line:1211 [INFO]Epoch: 41	 Test loss: 1.2688, score: 0.6340
[2022-10-24 18:46:39,979] exp4_main.py->main line:318 [INFO]save train history at: /mnt/Nami/rayeh/Med_AutoDO/picture/exp4_1to10_UNet_e50_opt_HES_est_True_aug_model_SEP_los_model_NONE_ir_1_sr_1.0_nr_0.0.jpg
[2022-10-24 18:46:39,980] exp4_main.py->main line:277 [INFO]84% (42/50)
[2022-10-24 18:46:40,986] automodels.py->Med_hyperHesTrain line:923 [INFO]data point 0 weight: paramP_tensor([-3.4585,  0.1780, -3.0432, -2.4723, -1.2759, -2.4849, -1.2063, -2.0174,
        -2.4849, -4.3041, -4.0565, -2.1812, -4.7408, -2.4351, -4.3939])
[2022-10-24 18:46:40,991] automodels.py->Med_hyperHesTrain line:923 [INFO]data point 0 weight: paramM_tensor([-0.2353,  0.6103,  0.5005,  0.6862, -0.1673, -1.0417,  0.3908,  0.8193,
         1.3326,  0.1651,  0.3405,  0.8055,  0.0000, -0.5742, -0.1947,  0.1472,
        -0.1414,  0.2252])
[2022-10-24 18:46:41,563] automodels.py->Med_hyperHesTrain line:948 [INFO]hyperTrain epoch: 42, batch_idx: 0, global_img_step: 69, aug_ops:[('saturation', tensor([-0.1760]))]
[2022-10-24 18:46:41,563] automodels.py->Med_hyperHesTrain line:954 [INFO]hyperTrain batch 0% (0/130), task_lr=0.000001, hyper_lr=0.006217	gLtNorm 21.6972 (21.6972)	gLvNorm 0.1541 (0.1541)	mvpNorm 24.9528 (24.9528)

[2022-10-24 18:47:58,719] automodels.py->Med_innerTrain line:1026 [INFO]Train epoch: 42, batch_idx: 0, global_img_step: 70, aug_ops:[('contrast', tensor([-0.0745]))]
[2022-10-24 18:48:59,208] automodels.py->Med_innerTrain line:1043 [INFO]Epoch: 42	 Inner Train loss: 0.6915, acc=0.7446, lr=0.000001	
[2022-10-24 18:49:01,172] automodels.py->Med_innerTest line:1211 [INFO]Epoch: 42	 Test loss: 1.0031, score: 0.6712
[2022-10-24 18:49:01,432] exp4_main.py->main line:318 [INFO]save train history at: /mnt/Nami/rayeh/Med_AutoDO/picture/exp4_1to10_UNet_e50_opt_HES_est_True_aug_model_SEP_los_model_NONE_ir_1_sr_1.0_nr_0.0.jpg
[2022-10-24 18:49:01,433] exp4_main.py->main line:277 [INFO]86% (43/50)
[2022-10-24 18:49:02,396] automodels.py->Med_hyperHesTrain line:923 [INFO]data point 0 weight: paramP_tensor([-3.4531,  0.1780, -3.0418, -2.4822, -1.2161, -2.4849, -1.2329, -2.0795,
        -2.4849, -4.3602, -4.0579, -2.2011, -4.7356, -2.4661, -4.3332])
[2022-10-24 18:49:02,400] automodels.py->Med_hyperHesTrain line:923 [INFO]data point 0 weight: paramM_tensor([-0.2353,  0.6712,  0.5005,  0.6862, -0.1673, -1.0417,  0.3297,  0.8193,
         1.3326,  0.1651,  0.3405,  0.8096,  0.0622, -0.5742, -0.1947,  0.1472,
        -0.1414,  0.2252])
[2022-10-24 18:49:02,560] automodels.py->Med_hyperHesTrain line:948 [INFO]hyperTrain epoch: 43, batch_idx: 0, global_img_step: 71, aug_ops:[('contrast', tensor([-0.2278])), ('elastic transform', tensor([0.6481])), ('TranslateY', tensor([-0.0214]))]
[2022-10-24 18:49:02,561] automodels.py->Med_hyperHesTrain line:954 [INFO]hyperTrain batch 0% (0/130), task_lr=0.000000, hyper_lr=0.004820	gLtNorm 0.2818 (0.2818)	gLvNorm 0.3394 (0.3394)	mvpNorm 0.8811 (0.8811)

[2022-10-24 18:50:19,167] automodels.py->Med_innerTrain line:1026 [INFO]Train epoch: 43, batch_idx: 0, global_img_step: 72, aug_ops:[('contrast', tensor([-0.0164])), ('TranslateX', tensor([-0.1132])), ('TranslateY', tensor([0.2014]))]
[2022-10-24 18:51:19,338] automodels.py->Med_innerTrain line:1043 [INFO]Epoch: 43	 Inner Train loss: 0.6318, acc=0.7616, lr=0.000000	
[2022-10-24 18:51:21,353] automodels.py->Med_innerTest line:1211 [INFO]Epoch: 43	 Test loss: 1.3006, score: 0.6155
[2022-10-24 18:51:21,618] exp4_main.py->main line:318 [INFO]save train history at: /mnt/Nami/rayeh/Med_AutoDO/picture/exp4_1to10_UNet_e50_opt_HES_est_True_aug_model_SEP_los_model_NONE_ir_1_sr_1.0_nr_0.0.jpg
[2022-10-24 18:51:21,618] exp4_main.py->main line:277 [INFO]88% (44/50)
[2022-10-24 18:51:22,607] automodels.py->Med_hyperHesTrain line:923 [INFO]data point 0 weight: paramP_tensor([-3.4953,  0.2231, -3.0735, -2.4341, -1.2528, -2.4849, -1.2086, -2.0795,
        -2.4849, -4.4069, -4.0971, -2.1959, -4.7470, -2.4643, -4.3558])
[2022-10-24 18:51:22,611] automodels.py->Med_hyperHesTrain line:923 [INFO]data point 0 weight: paramM_tensor([-0.2353,  0.6712,  0.5005,  0.6862, -0.1673, -1.0417,  0.3297,  0.8193,
         1.3326,  0.1651,  0.3405,  0.8096,  0.0622, -0.5742, -0.1947,  0.1472,
        -0.1414,  0.2252])
[2022-10-24 18:51:22,937] automodels.py->Med_hyperHesTrain line:948 [INFO]hyperTrain epoch: 44, batch_idx: 0, global_img_step: 73, aug_ops:[('ShearX', tensor([0.2247]))]
[2022-10-24 18:51:22,938] automodels.py->Med_hyperHesTrain line:954 [INFO]hyperTrain batch 0% (0/130), task_lr=0.000000, hyper_lr=0.003585	gLtNorm 0.1320 (0.1320)	gLvNorm 1.1896 (1.1896)	mvpNorm 1.0783 (1.0783)

[2022-10-24 18:52:39,482] automodels.py->Med_innerTrain line:1026 [INFO]Train epoch: 44, batch_idx: 0, global_img_step: 74, aug_ops:[('contrast', tensor([0.8221]))]
[2022-10-24 18:53:40,282] automodels.py->Med_innerTrain line:1043 [INFO]Epoch: 44	 Inner Train loss: 0.6344, acc=0.7600, lr=0.000000	
[2022-10-24 18:53:42,292] automodels.py->Med_innerTest line:1211 [INFO]Epoch: 44	 Test loss: 1.0260, score: 0.6702
[2022-10-24 18:53:42,547] exp4_main.py->main line:318 [INFO]save train history at: /mnt/Nami/rayeh/Med_AutoDO/picture/exp4_1to10_UNet_e50_opt_HES_est_True_aug_model_SEP_los_model_NONE_ir_1_sr_1.0_nr_0.0.jpg
[2022-10-24 18:53:42,548] exp4_main.py->main line:277 [INFO]90% (45/50)
[2022-10-24 18:53:43,558] automodels.py->Med_hyperHesTrain line:923 [INFO]data point 0 weight: paramP_tensor([-3.5311,  0.2238, -3.1091, -2.4331, -1.2196, -2.4849, -1.1817, -2.0795,
        -2.4849, -4.3956, -4.0888, -2.2071, -4.7523, -2.4576, -4.3651])
[2022-10-24 18:53:43,562] automodels.py->Med_hyperHesTrain line:923 [INFO]data point 0 weight: paramM_tensor([-0.2712,  0.6932,  0.5005,  0.6862, -0.1673, -1.0417,  0.3297,  0.8193,
         1.3326,  0.1651,  0.3405,  0.8096,  0.0622, -0.5742, -0.1947,  0.1472,
        -0.1414,  0.2252])
[2022-10-24 18:53:43,933] automodels.py->Med_hyperHesTrain line:948 [INFO]hyperTrain epoch: 45, batch_idx: 0, global_img_step: 75, aug_ops:[('TranslateX', tensor([0.1149]))]
[2022-10-24 18:53:43,934] automodels.py->Med_hyperHesTrain line:954 [INFO]hyperTrain batch 0% (0/130), task_lr=0.000000, hyper_lr=0.002523	gLtNorm 17.8146 (17.8146)	gLvNorm 0.1502 (0.1502)	mvpNorm 16.4922 (16.4922)

[2022-10-24 18:55:00,833] automodels.py->Med_innerTrain line:1026 [INFO]Train epoch: 45, batch_idx: 0, global_img_step: 76, aug_ops:[('ShearX', tensor([0.1908])), ('ShearY', tensor([-0.0017]))]
[2022-10-24 18:56:01,651] automodels.py->Med_innerTrain line:1043 [INFO]Epoch: 45	 Inner Train loss: 0.6238, acc=0.7613, lr=0.000000	
[2022-10-24 18:56:03,646] automodels.py->Med_innerTest line:1211 [INFO]Epoch: 45	 Test loss: 1.1191, score: 0.6533
[2022-10-24 18:56:03,928] exp4_main.py->main line:318 [INFO]save train history at: /mnt/Nami/rayeh/Med_AutoDO/picture/exp4_1to10_UNet_e50_opt_HES_est_True_aug_model_SEP_los_model_NONE_ir_1_sr_1.0_nr_0.0.jpg
[2022-10-24 18:56:03,929] exp4_main.py->main line:277 [INFO]92% (46/50)
[2022-10-24 18:56:04,987] automodels.py->Med_hyperHesTrain line:923 [INFO]data point 0 weight: paramP_tensor([-3.5310,  0.2487, -3.1277, -2.4289, -1.2433, -2.4849, -1.1566, -2.0795,
        -2.4849, -4.3806, -4.0893, -2.2291, -4.7429, -2.4755, -4.3903])
[2022-10-24 18:56:04,991] automodels.py->Med_hyperHesTrain line:923 [INFO]data point 0 weight: paramM_tensor([-0.2712,  0.6932,  0.5005,  0.6862, -0.1673, -1.0417,  0.3297,  0.8193,
         1.3326,  0.1413,  0.3405,  0.8096,  0.0622, -0.5742, -0.1947,  0.1472,
        -0.1414,  0.2252])
[2022-10-24 18:56:05,161] automodels.py->Med_hyperHesTrain line:948 [INFO]hyperTrain epoch: 46, batch_idx: 0, global_img_step: 77, aug_ops:[('contrast', tensor([0.0055]))]
[2022-10-24 18:56:05,162] automodels.py->Med_hyperHesTrain line:954 [INFO]hyperTrain batch 0% (0/130), task_lr=0.000000, hyper_lr=0.001643	gLtNorm 0.0963 (0.0963)	gLvNorm 0.0475 (0.0475)	mvpNorm 0.0320 (0.0320)

[2022-10-24 18:57:22,293] automodels.py->Med_innerTrain line:1026 [INFO]Train epoch: 46, batch_idx: 0, global_img_step: 78, aug_ops:[('TranslateY', tensor([0.0092])), ('Equalize', tensor([0.0011]))]
[2022-10-24 18:58:23,202] automodels.py->Med_innerTrain line:1043 [INFO]Epoch: 46	 Inner Train loss: 0.6470, acc=0.7597, lr=0.000000	
[2022-10-24 18:58:25,188] automodels.py->Med_innerTest line:1211 [INFO]Epoch: 46	 Test loss: 1.2139, score: 0.6451
[2022-10-24 18:58:25,474] exp4_main.py->main line:318 [INFO]save train history at: /mnt/Nami/rayeh/Med_AutoDO/picture/exp4_1to10_UNet_e50_opt_HES_est_True_aug_model_SEP_los_model_NONE_ir_1_sr_1.0_nr_0.0.jpg
[2022-10-24 18:58:25,474] exp4_main.py->main line:277 [INFO]94% (47/50)
[2022-10-24 18:58:26,493] automodels.py->Med_hyperHesTrain line:923 [INFO]data point 0 weight: paramP_tensor([-3.5306,  0.2537, -3.1137, -2.4452, -1.2430, -2.4849, -1.1516, -2.0795,
        -2.4849, -4.3641, -4.0976, -2.2409, -4.7593, -2.4911, -4.3939])
[2022-10-24 18:58:26,498] automodels.py->Med_hyperHesTrain line:923 [INFO]data point 0 weight: paramM_tensor([-0.2712,  0.6932,  0.5005,  0.6862, -0.1673, -1.0417,  0.3297,  0.8193,
         1.3326,  0.1413,  0.3405,  0.8096,  0.0622, -0.5742, -0.1947,  0.1472,
        -0.1270,  0.2252])
[2022-10-24 18:58:26,870] automodels.py->Med_hyperHesTrain line:948 [INFO]hyperTrain epoch: 47, batch_idx: 0, global_img_step: 79, aug_ops:[('saturation', tensor([0.7207])), ('Equalize', tensor([-0.0928]))]
[2022-10-24 18:58:26,871] automodels.py->Med_hyperHesTrain line:954 [INFO]hyperTrain batch 0% (0/130), task_lr=0.000000, hyper_lr=0.000950	gLtNorm 0.2171 (0.2171)	gLvNorm 0.1459 (0.1459)	mvpNorm 0.3856 (0.3856)

[2022-10-24 18:59:44,422] automodels.py->Med_innerTrain line:1026 [INFO]Train epoch: 47, batch_idx: 0, global_img_step: 80, aug_ops:[('idenity', [1.0])]
[2022-10-24 19:00:45,603] automodels.py->Med_innerTrain line:1043 [INFO]Epoch: 47	 Inner Train loss: 0.6153, acc=0.7661, lr=0.000000	
[2022-10-24 19:00:47,663] automodels.py->Med_innerTest line:1211 [INFO]Epoch: 47	 Test loss: 1.0356, score: 0.6711
[2022-10-24 19:00:47,941] exp4_main.py->main line:318 [INFO]save train history at: /mnt/Nami/rayeh/Med_AutoDO/picture/exp4_1to10_UNet_e50_opt_HES_est_True_aug_model_SEP_los_model_NONE_ir_1_sr_1.0_nr_0.0.jpg
[2022-10-24 19:00:47,942] exp4_main.py->main line:277 [INFO]96% (48/50)
[2022-10-24 19:00:49,028] automodels.py->Med_hyperHesTrain line:923 [INFO]data point 0 weight: paramP_tensor([-3.5293,  0.2539, -3.1137, -2.4450, -1.2342, -2.4849, -1.1571, -2.0795,
        -2.4849, -4.3645, -4.1029, -2.2317, -4.7606, -2.4817, -4.4022])
[2022-10-24 19:00:49,033] automodels.py->Med_hyperHesTrain line:923 [INFO]data point 0 weight: paramM_tensor([-0.2712,  0.6857,  0.4910,  0.6862, -0.1673, -1.0417,  0.3297,  0.8193,
         1.3326,  0.1413,  0.3405,  0.8096,  0.0622, -0.5742, -0.1947,  0.1472,
        -0.1270,  0.2252])
[2022-10-24 19:00:49,371] automodels.py->Med_hyperHesTrain line:948 [INFO]hyperTrain epoch: 48, batch_idx: 0, global_img_step: 81, aug_ops:[('sharpen', tensor([0.8228])), ('Rotate', tensor([0.3981])), ('ShearX', tensor([-0.3550])), ('Equalize', tensor([-0.6027]))]
[2022-10-24 19:00:49,372] automodels.py->Med_hyperHesTrain line:954 [INFO]hyperTrain batch 0% (0/130), task_lr=0.000000, hyper_lr=0.000451	gLtNorm 0.2502 (0.2502)	gLvNorm 0.2133 (0.2133)	mvpNorm 0.2639 (0.2639)

[2022-10-24 19:02:06,081] automodels.py->Med_innerTrain line:1026 [INFO]Train epoch: 48, batch_idx: 0, global_img_step: 82, aug_ops:[('TranslateY', tensor([-0.4568]))]
[2022-10-24 19:03:06,914] automodels.py->Med_innerTrain line:1043 [INFO]Epoch: 48	 Inner Train loss: 0.6772, acc=0.7501, lr=0.000000	
[2022-10-24 19:03:08,922] automodels.py->Med_innerTest line:1211 [INFO]Epoch: 48	 Test loss: 1.1825, score: 0.6497
[2022-10-24 19:03:09,190] exp4_main.py->main line:318 [INFO]save train history at: /mnt/Nami/rayeh/Med_AutoDO/picture/exp4_1to10_UNet_e50_opt_HES_est_True_aug_model_SEP_los_model_NONE_ir_1_sr_1.0_nr_0.0.jpg
[2022-10-24 19:03:09,191] exp4_main.py->main line:277 [INFO]98% (49/50)
[2022-10-24 19:03:10,197] automodels.py->Med_hyperHesTrain line:923 [INFO]data point 0 weight: paramP_tensor([-3.5292,  0.2539, -3.1156, -2.4450, -1.2341, -2.4849, -1.1616, -2.0795,
        -2.4849, -4.3686, -4.1075, -2.2272, -4.7650, -2.4862, -4.4023])
[2022-10-24 19:03:10,200] automodels.py->Med_hyperHesTrain line:923 [INFO]data point 0 weight: paramM_tensor([-0.2712,  0.6839,  0.4910,  0.6862, -0.1673, -1.0417,  0.3297,  0.8238,
         1.3327,  0.1413,  0.3450,  0.8096,  0.0622, -0.5742, -0.1947,  0.1472,
        -0.1270,  0.2252])
[2022-10-24 19:03:10,466] automodels.py->Med_hyperHesTrain line:948 [INFO]hyperTrain epoch: 49, batch_idx: 0, global_img_step: 83, aug_ops:[('Rotate', tensor([-0.4062]))]
[2022-10-24 19:03:10,467] automodels.py->Med_hyperHesTrain line:954 [INFO]hyperTrain batch 0% (0/130), task_lr=0.000000, hyper_lr=0.000151	gLtNorm 0.2325 (0.2325)	gLvNorm 0.1959 (0.1959)	mvpNorm 0.1731 (0.1731)

[2022-10-24 19:04:27,140] automodels.py->Med_innerTrain line:1026 [INFO]Train epoch: 49, batch_idx: 0, global_img_step: 84, aug_ops:[('ShearX', tensor([0.3714]))]
[2022-10-24 19:05:27,500] automodels.py->Med_innerTrain line:1043 [INFO]Epoch: 49	 Inner Train loss: 0.6440, acc=0.7572, lr=0.000000	
[2022-10-24 19:05:29,487] automodels.py->Med_innerTest line:1211 [INFO]Epoch: 49	 Test loss: 0.9969, score: 0.6744
[2022-10-24 19:05:29,750] exp4_main.py->main line:318 [INFO]save train history at: /mnt/Nami/rayeh/Med_AutoDO/picture/exp4_1to10_UNet_e50_opt_HES_est_True_aug_model_SEP_los_model_NONE_ir_1_sr_1.0_nr_0.0.jpg
[2022-10-24 19:05:29,750] exp4_main.py->main line:320 [INFO]BEST trained model at 12 has 0.7274 Dice score
